TN:
SF:/home/ubuntu/workspace/w4 Testing/01 Unit Testing/shopping/modules/shopping.js
FNF:0
FNH:0
DA:9,1
DA:12,1
DA:14,38
DA:16,25
DA:19,13
DA:20,13
DA:22,13
DA:24,38
DA:29,1
DA:31,4
DA:35,1
DA:36,12
DA:40,1
DA:41,3
DA:42,3
DA:43,4
DA:45,3
DA:54,1
DA:55,3
DA:56,1
DA:58,2
DA:62,1
DA:63,3
DA:64,3
DA:65,1
DA:67,2
DA:71,1
DA:72,4
DA:73,4
DA:74,1
DA:76,3
DA:77,1
DA:79,2
DA:80,1
DA:82,1
DA:83,1
DA:84,1
DA:85,1
DA:86,1
DA:88,0
DA:89,0
LF:41
LH:39
BRDA:14,1,0,25
BRDA:14,1,1,13
BRDA:55,2,0,1
BRDA:55,2,1,2
BRDA:64,3,0,1
BRDA:64,3,1,2
BRDA:73,4,0,1
BRDA:73,4,1,3
BRDA:73,5,0,4
BRDA:73,5,1,3
BRDA:76,6,0,1
BRDA:76,6,1,2
BRDA:79,7,0,1
BRDA:79,7,1,1
BRDA:84,8,0,1
BRDA:84,8,1,0
BRF:16
BRH:15
end_of_record
